
15:06:24 11:35:50 Starting GetFirstDate.
15:06:24 11:35:50 POST Request has been made.
15:06:24 11:35:50 Pulling private key.
15:06:24 11:35:50 Signiture keys match.
15:06:24 11:35:50 UID 1
15:06:24 11:35:50 <?xml version='1.0' standalone='yes'?><entry reader_id='1'><date>2014-02-28</date></entry>
15:06:24 11:35:50 End GetFirstDate.


15:06:24 11:35:50 Starting GetFirstDate.
15:06:24 11:35:50 POST Request has been made.
15:06:24 11:35:50 Pulling private key.
15:06:24 11:35:50 Signiture keys match.
15:06:24 11:35:50 UID 1
15:06:24 11:35:50 <?xml version='1.0' standalone='yes'?><entry reader_id='1'><date>2014-02-28</date></entry>
15:06:24 11:35:50 End GetFirstDate.


15:06:24 11:45:23 Starting GetFirstDate.
15:06:24 11:45:23 POST Request has been made.
15:06:24 11:45:23 Pulling private key.
15:06:24 11:45:23 Signiture keys match.
15:06:24 11:45:23 UID 1
15:06:24 11:45:23 <?xml version='1.0' standalone='yes'?><entry reader_id='1'><date>2014-02-28</date></entry>
15:06:24 11:45:23 End GetFirstDate.


15:06:24 11:45:23 Starting GetFirstDate.
15:06:24 11:45:23 POST Request has been made.
15:06:24 11:45:23 Pulling private key.
15:06:24 11:45:23 Signiture keys match.
15:06:24 11:45:23 UID 1
15:06:24 11:45:23 <?xml version='1.0' standalone='yes'?><entry reader_id='1'><date>2014-02-28</date></entry>
15:06:24 11:45:23 End GetFirstDate.


15:06:24 11:46:23 Starting GetFirstDate.
15:06:24 11:46:23 POST Request has been made.
15:06:24 11:46:23 Pulling private key.
15:06:24 11:46:23 Signiture keys match.
15:06:24 11:46:23 UID 1
15:06:24 11:46:23 <?xml version='1.0' standalone='yes'?><entry reader_id='1'><date>2014-02-28</date></entry>
15:06:24 11:46:23 End GetFirstDate.


15:06:24 11:46:23 Starting GetFirstDate.
15:06:24 11:46:23 POST Request has been made.
15:06:24 11:46:23 Pulling private key.
15:06:24 11:46:23 Signiture keys match.
15:06:24 11:46:23 UID 1
15:06:24 11:46:23 <?xml version='1.0' standalone='yes'?><entry reader_id='1'><date>2014-02-28</date></entry>
15:06:24 11:46:23 End GetFirstDate.


15:06:24 11:47:18 Starting GetFirstDate.
15:06:24 11:47:18 POST Request has been made.
15:06:24 11:47:18 Pulling private key.
15:06:24 11:47:18 Signiture keys match.
15:06:24 11:47:18 UID 1
15:06:24 11:47:18 <?xml version='1.0' standalone='yes'?><entry reader_id='1'><date>2014-02-28</date></entry>
15:06:24 11:47:18 End GetFirstDate.


15:06:24 11:47:18 Starting GetFirstDate.
15:06:24 11:47:18 POST Request has been made.
15:06:24 11:47:18 Pulling private key.
15:06:24 11:47:18 Signiture keys match.
15:06:24 11:47:18 UID 1
15:06:24 11:47:18 <?xml version='1.0' standalone='yes'?><entry reader_id='1'><date>2014-02-28</date></entry>
15:06:24 11:47:18 End GetFirstDate.


15:06:24 11:48:17 Starting GetFirstDate.
15:06:24 11:48:17 POST Request has been made.
15:06:24 11:48:17 Pulling private key.
15:06:24 11:48:17 Signiture keys match.
15:06:24 11:48:17 UID 1
15:06:24 11:48:17 <?xml version='1.0' standalone='yes'?><entry reader_id='1'><date>2014-02-28</date></entry>
15:06:24 11:48:17 End GetFirstDate.


15:06:24 11:48:17 Starting GetFirstDate.
15:06:24 11:48:17 POST Request has been made.
15:06:24 11:48:17 Pulling private key.
15:06:24 11:48:17 Signiture keys match.
15:06:24 11:48:17 UID 1
15:06:24 11:48:17 <?xml version='1.0' standalone='yes'?><entry reader_id='1'><date>2014-02-28</date></entry>
15:06:24 11:48:17 End GetFirstDate.


15:06:24 11:53:55 Starting GetFirstDate.
15:06:24 11:53:55 POST Request has been made.
15:06:24 11:53:55 Pulling private key.
15:06:24 11:53:55 Signiture keys match.
15:06:24 11:53:55 UID 1
15:06:24 11:53:55 <?xml version='1.0' standalone='yes'?><entry reader_id='1'><date>2014-02-28</date></entry>
15:06:24 11:53:55 End GetFirstDate.


15:06:24 11:53:55 Starting GetFirstDate.
15:06:24 11:53:55 POST Request has been made.
15:06:24 11:53:55 Pulling private key.
15:06:24 11:53:55 Signiture keys match.
15:06:24 11:53:55 UID 1
15:06:24 11:53:55 <?xml version='1.0' standalone='yes'?><entry reader_id='1'><date>2014-02-28</date></entry>
15:06:24 11:53:55 End GetFirstDate.


15:06:24 12:06:46 Starting GetFirstDate.
15:06:24 12:06:46 POST Request has been made.
15:06:24 12:06:46 Pulling private key.
15:06:24 12:06:46 Signiture keys match.
15:06:24 12:06:46 UID 1
15:06:24 12:06:46 <?xml version='1.0' standalone='yes'?><entry reader_id='1'><date>2014-02-28</date></entry>
15:06:24 12:06:46 End GetFirstDate.


15:06:24 12:06:46 Starting GetFirstDate.
15:06:24 12:06:46 POST Request has been made.
15:06:24 12:06:46 Pulling private key.
15:06:24 12:06:46 Signiture keys match.
15:06:24 12:06:46 UID 1
15:06:24 12:06:46 <?xml version='1.0' standalone='yes'?><entry reader_id='1'><date>2014-02-28</date></entry>
15:06:24 12:06:46 End GetFirstDate.


15:06:24 12:13:36 Starting GetFirstDate.
15:06:24 12:13:36 POST Request has been made.
15:06:24 12:13:36 Pulling private key.
15:06:24 12:13:36 Signiture keys match.
15:06:24 12:13:36 UID 24
15:06:24 12:13:36 <?xml version='1.0' standalone='yes'?><entry reader_id='24'><date></date></entry>
15:06:24 12:13:36 End GetFirstDate.


15:06:24 12:15:02 Starting GetFirstDate.
15:06:24 12:15:02 POST Request has been made.
15:06:24 12:15:02 Pulling private key.
15:06:24 12:15:02 Signiture keys match.
15:06:24 12:15:02 UID 25
15:06:24 12:15:02 <?xml version='1.0' standalone='yes'?><entry reader_id='25'><date></date></entry>
15:06:24 12:15:02 End GetFirstDate.


15:06:24 12:16:21 Starting GetFirstDate.
15:06:24 12:16:21 POST Request has been made.
15:06:24 12:16:21 Pulling private key.
15:06:24 12:16:21 Signiture keys match.
15:06:24 12:16:21 UID 1
15:06:24 12:16:21 <?xml version='1.0' standalone='yes'?><entry reader_id='1'><date>2014-02-28</date></entry>
15:06:24 12:16:21 End GetFirstDate.


15:06:24 12:16:21 Starting GetFirstDate.
15:06:24 12:16:21 POST Request has been made.
15:06:24 12:16:21 Pulling private key.
15:06:24 12:16:21 Signiture keys match.
15:06:24 12:16:21 UID 1
15:06:24 12:16:21 <?xml version='1.0' standalone='yes'?><entry reader_id='1'><date>2014-02-28</date></entry>
15:06:24 12:16:21 End GetFirstDate.


15:06:24 12:19:31 Starting GetFirstDate.
15:06:24 12:19:31 POST Request has been made.
15:06:24 12:19:31 Pulling private key.
15:06:24 12:19:31 Signiture keys match.
15:06:24 12:19:31 UID 1
15:06:24 12:19:31 <?xml version='1.0' standalone='yes'?><entry reader_id='1'><date>2014-02-28</date></entry>
15:06:24 12:19:31 End GetFirstDate.


15:06:24 12:19:31 Starting GetFirstDate.
15:06:24 12:19:31 POST Request has been made.
15:06:24 12:19:31 Pulling private key.
15:06:24 12:19:31 Signiture keys match.
15:06:24 12:19:31 UID 1
15:06:24 12:19:31 <?xml version='1.0' standalone='yes'?><entry reader_id='1'><date>2014-02-28</date></entry>
15:06:24 12:19:31 End GetFirstDate.


15:06:24 12:19:48 Starting GetFirstDate.
15:06:24 12:19:48 POST Request has been made.
15:06:24 12:19:48 Pulling private key.
15:06:24 12:19:48 Signiture keys match.
15:06:24 12:19:48 UID 1
15:06:24 12:19:48 <?xml version='1.0' standalone='yes'?><entry reader_id='1'><date>2014-02-28</date></entry>
15:06:24 12:19:48 End GetFirstDate.


15:06:24 12:19:48 Starting GetFirstDate.
15:06:24 12:19:48 POST Request has been made.
15:06:24 12:19:48 Pulling private key.
15:06:24 12:19:48 Signiture keys match.
15:06:24 12:19:48 UID 1
15:06:24 12:19:48 <?xml version='1.0' standalone='yes'?><entry reader_id='1'><date>2014-02-28</date></entry>
15:06:24 12:19:48 End GetFirstDate.


15:06:24 12:20:09 Starting GetFirstDate.
15:06:24 12:20:09 POST Request has been made.
15:06:24 12:20:09 Pulling private key.
15:06:24 12:20:09 Signiture keys match.
15:06:24 12:20:09 UID 1
15:06:24 12:20:09 <?xml version='1.0' standalone='yes'?><entry reader_id='1'><date>2014-02-28</date></entry>
15:06:24 12:20:09 End GetFirstDate.


15:06:24 12:20:09 Starting GetFirstDate.
15:06:24 12:20:09 POST Request has been made.
15:06:24 12:20:09 Pulling private key.
15:06:24 12:20:09 Signiture keys match.
15:06:24 12:20:09 UID 1
15:06:24 12:20:09 <?xml version='1.0' standalone='yes'?><entry reader_id='1'><date>2014-02-28</date></entry>
15:06:24 12:20:09 End GetFirstDate.


15:06:24 12:34:20 Starting GetFirstDate.
15:06:24 12:34:20 POST Request has been made.
15:06:24 12:34:20 Pulling private key.
15:06:24 12:34:20 Signiture keys match.
15:06:24 12:34:20 UID 1
15:06:24 12:34:20 <?xml version='1.0' standalone='yes'?><entry reader_id='1'><date>2014-02-28</date></entry>
15:06:24 12:34:20 End GetFirstDate.


15:06:24 12:34:20 Starting GetFirstDate.
15:06:24 12:34:20 POST Request has been made.
15:06:24 12:34:20 Pulling private key.
15:06:24 12:34:20 Signiture keys match.
15:06:24 12:34:20 UID 1
15:06:24 12:34:20 <?xml version='1.0' standalone='yes'?><entry reader_id='1'><date>2014-02-28</date></entry>
15:06:24 12:34:20 End GetFirstDate.

