
15:06:28 02:08:01 Starting TotalPagesRead.
15:06:28 02:08:01 POST Request has been made.
15:06:28 02:08:01 Pulling private key.
15:06:28 02:08:01 Signiture keys match.
15:06:28 02:08:01 UID 19
15:06:28 02:08:01 End TotalPagesRead.
<?xml version='1.0' standalone='yes'?><entry reader_id='19'><pages>142</pages></entry>


15:06:28 02:08:01 Starting TotalPagesRead.
15:06:28 02:08:01 POST Request has been made.
15:06:28 02:08:01 Pulling private key.
15:06:28 02:08:01 Signiture keys match.
15:06:28 02:08:01 UID 19
15:06:28 02:08:01 End TotalPagesRead.
<?xml version='1.0' standalone='yes'?><entry reader_id='19'><pages>142</pages></entry>


15:06:28 02:12:02 Starting TotalPagesRead.
15:06:28 02:12:02 POST Request has been made.
15:06:28 02:12:02 Pulling private key.
15:06:28 02:12:02 Signiture keys match.
15:06:28 02:12:02 UID 20
15:06:28 02:12:02 End TotalPagesRead.
<?xml version='1.0' standalone='yes'?><entry reader_id='20'><pages>37</pages></entry>


15:06:28 02:12:02 Starting TotalPagesRead.
15:06:28 02:12:02 POST Request has been made.
15:06:28 02:12:02 Pulling private key.
15:06:28 02:12:02 Signiture keys match.
15:06:28 02:12:02 UID 20
15:06:28 02:12:02 End TotalPagesRead.
<?xml version='1.0' standalone='yes'?><entry reader_id='20'><pages>37</pages></entry>


15:06:28 02:13:07 Starting TotalPagesRead.
15:06:28 02:13:07 POST Request has been made.
15:06:28 02:13:07 Pulling private key.
15:06:28 02:13:07 Signiture keys match.
15:06:28 02:13:07 UID 20
15:06:28 02:13:07 End TotalPagesRead.
<?xml version='1.0' standalone='yes'?><entry reader_id='20'><pages>37</pages></entry>


15:06:28 02:13:08 Starting TotalPagesRead.
15:06:28 02:13:08 POST Request has been made.
15:06:28 02:13:08 Pulling private key.
15:06:28 02:13:08 Signiture keys match.
15:06:28 02:13:08 UID 20
15:06:28 02:13:08 End TotalPagesRead.
<?xml version='1.0' standalone='yes'?><entry reader_id='20'><pages>37</pages></entry>


15:06:28 02:13:36 Starting TotalPagesRead.
15:06:28 02:13:36 POST Request has been made.
15:06:28 02:13:36 Pulling private key.
15:06:28 02:13:36 Signiture keys match.
15:06:28 02:13:36 UID 20
15:06:28 02:13:36 End TotalPagesRead.
<?xml version='1.0' standalone='yes'?><entry reader_id='20'><pages>37</pages></entry>


15:06:28 02:13:36 Starting TotalPagesRead.
15:06:28 02:13:36 POST Request has been made.
15:06:28 02:13:36 Pulling private key.
15:06:28 02:13:36 Signiture keys match.
15:06:28 02:13:36 UID 20
15:06:28 02:13:36 End TotalPagesRead.
<?xml version='1.0' standalone='yes'?><entry reader_id='20'><pages>37</pages></entry>


15:06:28 02:16:23 Starting TotalPagesRead.
15:06:28 02:16:23 POST Request has been made.
15:06:28 02:16:23 Pulling private key.
15:06:28 02:16:23 Signiture keys match.
15:06:28 02:16:23 UID 19
15:06:28 02:16:23 End TotalPagesRead.
<?xml version='1.0' standalone='yes'?><entry reader_id='19'><pages>142</pages></entry>


15:06:28 02:16:24 Starting TotalPagesRead.
15:06:28 02:16:24 POST Request has been made.
15:06:28 02:16:24 Pulling private key.
15:06:28 02:16:24 Signiture keys match.
15:06:28 02:16:24 UID 19
15:06:28 02:16:24 End TotalPagesRead.
<?xml version='1.0' standalone='yes'?><entry reader_id='19'><pages>142</pages></entry>


15:06:28 02:17:48 Starting TotalPagesRead.
15:06:28 02:17:48 POST Request has been made.
15:06:28 02:17:48 Pulling private key.
15:06:28 02:17:48 Signiture keys match.
15:06:28 02:17:48 UID 19
15:06:28 02:17:48 End TotalPagesRead.
<?xml version='1.0' standalone='yes'?><entry reader_id='19'><pages>142</pages></entry>


15:06:28 02:17:49 Starting TotalPagesRead.
15:06:28 02:17:49 POST Request has been made.
15:06:28 02:17:49 Pulling private key.
15:06:28 02:17:49 Signiture keys match.
15:06:28 02:17:49 UID 19
15:06:28 02:17:49 End TotalPagesRead.
<?xml version='1.0' standalone='yes'?><entry reader_id='19'><pages>142</pages></entry>


15:06:28 02:18:32 Starting TotalPagesRead.
15:06:28 02:18:32 POST Request has been made.
15:06:28 02:18:32 Pulling private key.
15:06:28 02:18:32 Signiture keys match.
15:06:28 02:18:32 UID 19
15:06:28 02:18:32 End TotalPagesRead.
<?xml version='1.0' standalone='yes'?><entry reader_id='19'><pages>142</pages></entry>


15:06:28 02:18:32 Starting TotalPagesRead.
15:06:28 02:18:32 POST Request has been made.
15:06:28 02:18:32 Pulling private key.
15:06:28 02:18:32 Signiture keys match.
15:06:28 02:18:32 UID 19
15:06:28 02:18:32 End TotalPagesRead.
<?xml version='1.0' standalone='yes'?><entry reader_id='19'><pages>142</pages></entry>


15:06:28 04:57:12 Starting TotalPagesRead.
15:06:28 04:57:12 POST Request has been made.
15:06:28 04:57:12 Pulling private key.
15:06:28 04:57:12 Signiture keys match.
15:06:28 04:57:12 UID 19
15:06:28 04:57:12 End TotalPagesRead.
<?xml version='1.0' standalone='yes'?><entry reader_id='19'><pages>142</pages></entry>


15:06:28 04:57:12 Starting TotalPagesRead.
15:06:28 04:57:12 POST Request has been made.
15:06:28 04:57:12 Pulling private key.
15:06:28 04:57:12 Signiture keys match.
15:06:28 04:57:12 UID 19
15:06:28 04:57:12 End TotalPagesRead.
<?xml version='1.0' standalone='yes'?><entry reader_id='19'><pages>142</pages></entry>


15:06:28 05:17:38 Starting TotalPagesRead.
15:06:28 05:17:38 POST Request has been made.
15:06:28 05:17:38 Pulling private key.
15:06:28 05:17:38 Signiture keys match.
15:06:28 05:17:38 UID 19
15:06:28 05:17:38 End TotalPagesRead.
<?xml version='1.0' standalone='yes'?><entry reader_id='19'><pages>142</pages></entry>


15:06:28 05:17:39 Starting TotalPagesRead.
15:06:28 05:17:39 POST Request has been made.
15:06:28 05:17:39 Pulling private key.
15:06:28 05:17:39 Signiture keys match.
15:06:28 05:17:39 UID 19
15:06:28 05:17:39 End TotalPagesRead.
<?xml version='1.0' standalone='yes'?><entry reader_id='19'><pages>142</pages></entry>


15:06:28 08:02:41 Starting TotalPagesRead.
15:06:28 08:02:41 POST Request has been made.
15:06:28 08:02:41 Pulling private key.
15:06:28 08:02:41 Signiture keys match.
15:06:28 08:02:41 UID 22
15:06:28 08:02:41 End TotalPagesRead.
<?xml version='1.0' standalone='yes'?><entry reader_id='22'><pages>2</pages></entry>


15:06:28 08:02:42 Starting TotalPagesRead.
15:06:28 08:02:42 POST Request has been made.
15:06:28 08:02:42 Pulling private key.
15:06:28 08:02:42 Signiture keys match.
15:06:28 08:02:42 UID 22
15:06:28 08:02:42 End TotalPagesRead.
<?xml version='1.0' standalone='yes'?><entry reader_id='22'><pages>2</pages></entry>


15:06:29 02:27:49 Starting TotalPagesRead.
15:06:29 02:27:49 POST Request has been made.
15:06:29 02:27:49 Pulling private key.
15:06:29 02:27:49 Signiture keys match.
15:06:29 02:27:49 UID 22
15:06:29 02:27:49 End TotalPagesRead.
<?xml version='1.0' standalone='yes'?><entry reader_id='22'><pages>2</pages></entry>


15:06:29 02:27:49 Starting TotalPagesRead.
15:06:29 02:27:49 POST Request has been made.
15:06:29 02:27:49 Pulling private key.
15:06:29 02:27:49 Signiture keys match.
15:06:29 02:27:49 UID 22
15:06:29 02:27:49 End TotalPagesRead.
<?xml version='1.0' standalone='yes'?><entry reader_id='22'><pages>2</pages></entry>


15:06:29 02:58:38 Starting TotalPagesRead.
15:06:29 02:58:38 POST Request has been made.
15:06:29 02:58:38 Pulling private key.
15:06:29 02:58:38 Signiture keys match.
15:06:29 02:58:38 UID 22
15:06:29 02:58:38 End TotalPagesRead.
<?xml version='1.0' standalone='yes'?><entry reader_id='22'><pages>2</pages></entry>


15:06:29 02:58:38 Starting TotalPagesRead.
15:06:29 02:58:38 POST Request has been made.
15:06:29 02:58:38 Pulling private key.
15:06:29 02:58:38 Signiture keys match.
15:06:29 02:58:38 UID 22
15:06:29 02:58:38 End TotalPagesRead.
<?xml version='1.0' standalone='yes'?><entry reader_id='22'><pages>2</pages></entry>


15:06:29 02:58:51 Starting TotalPagesRead.
15:06:29 02:58:51 POST Request has been made.
15:06:29 02:58:51 Pulling private key.
15:06:29 02:58:51 Signiture keys match.
15:06:29 02:58:51 UID 22
15:06:29 02:58:51 End TotalPagesRead.
<?xml version='1.0' standalone='yes'?><entry reader_id='22'><pages>2</pages></entry>


15:06:29 02:58:51 Starting TotalPagesRead.
15:06:29 02:58:51 POST Request has been made.
15:06:29 02:58:51 Pulling private key.
15:06:29 02:58:51 Signiture keys match.
15:06:29 02:58:51 UID 22
15:06:29 02:58:51 End TotalPagesRead.
<?xml version='1.0' standalone='yes'?><entry reader_id='22'><pages>2</pages></entry>


15:06:29 02:59:22 Starting TotalPagesRead.
15:06:29 02:59:22 POST Request has been made.
15:06:29 02:59:22 Pulling private key.
15:06:29 02:59:22 Signiture keys match.
15:06:29 02:59:22 UID 22
15:06:29 02:59:22 End TotalPagesRead.
<?xml version='1.0' standalone='yes'?><entry reader_id='22'><pages>2</pages></entry>


15:06:29 02:59:23 Starting TotalPagesRead.
15:06:29 02:59:23 POST Request has been made.
15:06:29 02:59:23 Pulling private key.
15:06:29 02:59:23 Signiture keys match.
15:06:29 02:59:23 UID 22
15:06:29 02:59:23 End TotalPagesRead.
<?xml version='1.0' standalone='yes'?><entry reader_id='22'><pages>2</pages></entry>


15:06:29 02:59:49 Starting TotalPagesRead.
15:06:29 02:59:49 POST Request has been made.
15:06:29 02:59:49 Pulling private key.
15:06:29 02:59:49 Signiture keys match.
15:06:29 02:59:49 UID 22
15:06:29 02:59:49 End TotalPagesRead.
<?xml version='1.0' standalone='yes'?><entry reader_id='22'><pages>2</pages></entry>


15:06:29 02:59:51 Starting TotalPagesRead.
15:06:29 02:59:51 POST Request has been made.
15:06:29 02:59:51 Pulling private key.
15:06:29 02:59:51 Signiture keys match.
15:06:29 02:59:51 UID 22
15:06:29 02:59:51 End TotalPagesRead.
<?xml version='1.0' standalone='yes'?><entry reader_id='22'><pages>2</pages></entry>


15:06:29 03:01:46 Starting TotalPagesRead.
15:06:29 03:01:46 POST Request has been made.
15:06:29 03:01:46 Pulling private key.
15:06:29 03:01:46 Signiture keys match.
15:06:29 03:01:46 UID 22
15:06:29 03:01:46 End TotalPagesRead.
<?xml version='1.0' standalone='yes'?><entry reader_id='22'><pages>2</pages></entry>


15:06:29 03:01:46 Starting TotalPagesRead.
15:06:29 03:01:46 POST Request has been made.
15:06:29 03:01:46 Pulling private key.
15:06:29 03:01:46 Signiture keys match.
15:06:29 03:01:46 UID 22
15:06:29 03:01:46 End TotalPagesRead.
<?xml version='1.0' standalone='yes'?><entry reader_id='22'><pages>2</pages></entry>


15:06:29 03:03:07 Starting TotalPagesRead.
15:06:29 03:03:07 POST Request has been made.
15:06:29 03:03:07 Pulling private key.
15:06:29 03:03:07 Signiture keys match.
15:06:29 03:03:07 UID 1
15:06:29 03:03:07 End TotalPagesRead.
<?xml version='1.0' standalone='yes'?><entry reader_id='1'><pages>6313</pages></entry>


15:06:29 03:03:07 Starting TotalPagesRead.
15:06:29 03:03:07 POST Request has been made.
15:06:29 03:03:07 Pulling private key.
15:06:29 03:03:07 Signiture keys match.
15:06:29 03:03:07 UID 1
15:06:29 03:03:07 End TotalPagesRead.
<?xml version='1.0' standalone='yes'?><entry reader_id='1'><pages>6313</pages></entry>


15:06:29 03:05:41 Starting TotalPagesRead.
15:06:29 03:05:41 POST Request has been made.
15:06:29 03:05:41 Pulling private key.
15:06:29 03:05:41 Signiture keys match.
15:06:29 03:05:41 UID 20
15:06:29 03:05:41 End TotalPagesRead.
<?xml version='1.0' standalone='yes'?><entry reader_id='20'><pages>37</pages></entry>


15:06:29 03:05:41 Starting TotalPagesRead.
15:06:29 03:05:41 POST Request has been made.
15:06:29 03:05:41 Pulling private key.
15:06:29 03:05:41 Signiture keys match.
15:06:29 03:05:41 UID 20
15:06:29 03:05:41 End TotalPagesRead.
<?xml version='1.0' standalone='yes'?><entry reader_id='20'><pages>37</pages></entry>


15:06:29 03:06:12 Starting TotalPagesRead.
15:06:29 03:06:12 POST Request has been made.
15:06:29 03:06:12 Pulling private key.
15:06:29 03:06:12 Signiture keys match.
15:06:29 03:06:12 UID 20
15:06:29 03:06:12 End TotalPagesRead.
<?xml version='1.0' standalone='yes'?><entry reader_id='20'><pages>37</pages></entry>


15:06:29 03:06:12 Starting TotalPagesRead.
15:06:29 03:06:12 POST Request has been made.
15:06:29 03:06:12 Pulling private key.
15:06:29 03:06:12 Signiture keys match.
15:06:29 03:06:12 UID 20
15:06:29 03:06:12 End TotalPagesRead.
<?xml version='1.0' standalone='yes'?><entry reader_id='20'><pages>37</pages></entry>

