
15:06:28 02:08:02 Starting GetLastAuthor.
15:06:28 02:08:02 POST Request has been made.
15:06:28 02:08:02 Pulling private key.
15:06:28 02:08:02 Signiture keys match.
15:06:28 02:08:02 UID 19
15:06:28 02:08:02 test
15:06:28 02:08:02 <?xml version='1.0' standalone='yes'?><entry reader_id='19'><author>test</author></entry>
15:06:28 02:08:02 End GetLastAuthor.


15:06:28 02:12:03 Starting GetLastAuthor.
15:06:28 02:12:03 POST Request has been made.
15:06:28 02:12:03 Pulling private key.
15:06:28 02:12:03 Signiture keys match.
15:06:28 02:12:03 UID 20
15:06:28 02:12:03 test
15:06:28 02:12:03 <?xml version='1.0' standalone='yes'?><entry reader_id='20'><author>test</author></entry>
15:06:28 02:12:03 End GetLastAuthor.


15:06:28 02:13:08 Starting GetLastAuthor.
15:06:28 02:13:08 POST Request has been made.
15:06:28 02:13:08 Pulling private key.
15:06:28 02:13:08 Signiture keys match.
15:06:28 02:13:08 UID 20
15:06:28 02:13:08 test
15:06:28 02:13:08 <?xml version='1.0' standalone='yes'?><entry reader_id='20'><author>test</author></entry>
15:06:28 02:13:08 End GetLastAuthor.


15:06:28 02:13:37 Starting GetLastAuthor.
15:06:28 02:13:37 POST Request has been made.
15:06:28 02:13:37 Pulling private key.
15:06:28 02:13:37 Signiture keys match.
15:06:28 02:13:37 UID 20
15:06:28 02:13:37 test
15:06:28 02:13:37 <?xml version='1.0' standalone='yes'?><entry reader_id='20'><author>test</author></entry>
15:06:28 02:13:37 End GetLastAuthor.


15:06:28 02:16:24 Starting GetLastAuthor.
15:06:28 02:16:25 POST Request has been made.
15:06:28 02:16:25 Pulling private key.
15:06:28 02:16:25 Signiture keys match.
15:06:28 02:16:25 UID 19
15:06:28 02:16:25 test
15:06:28 02:16:25 <?xml version='1.0' standalone='yes'?><entry reader_id='19'><author>test</author></entry>
15:06:28 02:16:25 End GetLastAuthor.


15:06:28 02:17:50 Starting GetLastAuthor.
15:06:28 02:17:50 POST Request has been made.
15:06:28 02:17:50 Pulling private key.
15:06:28 02:17:50 Signiture keys match.
15:06:28 02:17:50 UID 19
15:06:28 02:17:50 test
15:06:28 02:17:50 <?xml version='1.0' standalone='yes'?><entry reader_id='19'><author>test</author></entry>
15:06:28 02:17:50 End GetLastAuthor.


15:06:28 02:18:32 Starting GetLastAuthor.
15:06:28 02:18:32 POST Request has been made.
15:06:28 02:18:32 Pulling private key.
15:06:28 02:18:32 Signiture keys match.
15:06:28 02:18:32 UID 19
15:06:28 02:18:32 test
15:06:28 02:18:32 <?xml version='1.0' standalone='yes'?><entry reader_id='19'><author>test</author></entry>
15:06:28 02:18:32 End GetLastAuthor.


15:06:28 04:57:13 Starting GetLastAuthor.
15:06:28 04:57:13 POST Request has been made.
15:06:28 04:57:13 Pulling private key.
15:06:28 04:57:13 Signiture keys match.
15:06:28 04:57:13 UID 19
15:06:28 04:57:13 test
15:06:28 04:57:13 <?xml version='1.0' standalone='yes'?><entry reader_id='19'><author>test</author></entry>
15:06:28 04:57:13 End GetLastAuthor.


15:06:28 05:17:39 Starting GetLastAuthor.
15:06:28 05:17:39 POST Request has been made.
15:06:28 05:17:39 Pulling private key.
15:06:28 05:17:39 Signiture keys match.
15:06:28 05:17:39 UID 19
15:06:28 05:17:39 test
15:06:28 05:17:39 <?xml version='1.0' standalone='yes'?><entry reader_id='19'><author>test</author></entry>
15:06:28 05:17:40 End GetLastAuthor.


15:06:28 08:02:42 Starting GetLastAuthor.
15:06:28 08:02:42 POST Request has been made.
15:06:28 08:02:42 Pulling private key.
15:06:28 08:02:42 Signiture keys match.
15:06:28 08:02:42 UID 22
15:06:28 08:02:42 test
15:06:28 08:02:42 <?xml version='1.0' standalone='yes'?><entry reader_id='22'><author>test</author></entry>
15:06:28 08:02:42 End GetLastAuthor.


15:06:29 02:27:50 Starting GetLastAuthor.
15:06:29 02:27:50 POST Request has been made.
15:06:29 02:27:50 Pulling private key.
15:06:29 02:27:50 Signiture keys match.
15:06:29 02:27:50 UID 22
15:06:29 02:27:50 test
15:06:29 02:27:50 <?xml version='1.0' standalone='yes'?><entry reader_id='22'><author>test</author></entry>
15:06:29 02:27:50 End GetLastAuthor.


15:06:29 02:58:38 Starting GetLastAuthor.
15:06:29 02:58:38 POST Request has been made.
15:06:29 02:58:38 Pulling private key.
15:06:29 02:58:38 Signiture keys match.
15:06:29 02:58:38 UID 22
15:06:29 02:58:38 test
15:06:29 02:58:38 <?xml version='1.0' standalone='yes'?><entry reader_id='22'><author>test</author></entry>
15:06:29 02:58:38 End GetLastAuthor.


15:06:29 02:58:52 Starting GetLastAuthor.
15:06:29 02:58:52 POST Request has been made.
15:06:29 02:58:52 Pulling private key.
15:06:29 02:58:52 Signiture keys match.
15:06:29 02:58:52 UID 22
15:06:29 02:58:52 test
15:06:29 02:58:52 <?xml version='1.0' standalone='yes'?><entry reader_id='22'><author>test</author></entry>
15:06:29 02:58:52 End GetLastAuthor.


15:06:29 02:59:23 Starting GetLastAuthor.
15:06:29 02:59:23 POST Request has been made.
15:06:29 02:59:23 Pulling private key.
15:06:29 02:59:23 Signiture keys match.
15:06:29 02:59:23 UID 22
15:06:29 02:59:23 test
15:06:29 02:59:23 <?xml version='1.0' standalone='yes'?><entry reader_id='22'><author>test</author></entry>
15:06:29 02:59:23 End GetLastAuthor.


15:06:29 02:59:51 Starting GetLastAuthor.
15:06:29 02:59:51 POST Request has been made.
15:06:29 02:59:51 Pulling private key.
15:06:29 02:59:51 Signiture keys match.
15:06:29 02:59:51 UID 22
15:06:29 02:59:51 test
15:06:29 02:59:51 <?xml version='1.0' standalone='yes'?><entry reader_id='22'><author>test</author></entry>
15:06:29 02:59:51 End GetLastAuthor.


15:06:29 03:01:46 Starting GetLastAuthor.
15:06:29 03:01:46 POST Request has been made.
15:06:29 03:01:46 Pulling private key.
15:06:29 03:01:46 Signiture keys match.
15:06:29 03:01:46 UID 22
15:06:29 03:01:46 test
15:06:29 03:01:46 <?xml version='1.0' standalone='yes'?><entry reader_id='22'><author>test</author></entry>
15:06:29 03:01:46 End GetLastAuthor.


15:06:29 03:03:08 Starting GetLastAuthor.
15:06:29 03:03:08 POST Request has been made.
15:06:29 03:03:08 Pulling private key.
15:06:29 03:03:08 Signiture keys match.
15:06:29 03:03:08 UID 1
15:06:29 03:03:08 Roald Dahl
15:06:29 03:03:08 <?xml version='1.0' standalone='yes'?><entry reader_id='1'><author>Roald Dahl</author></entry>
15:06:29 03:03:08 End GetLastAuthor.


15:06:29 03:05:41 Starting GetLastAuthor.
15:06:29 03:05:41 POST Request has been made.
15:06:29 03:05:41 Pulling private key.
15:06:29 03:05:41 Signiture keys match.
15:06:29 03:05:41 UID 20
15:06:29 03:05:41 test
15:06:29 03:05:41 <?xml version='1.0' standalone='yes'?><entry reader_id='20'><author>test</author></entry>
15:06:29 03:05:41 End GetLastAuthor.


15:06:29 03:06:13 Starting GetLastAuthor.
15:06:29 03:06:13 POST Request has been made.
15:06:29 03:06:13 Pulling private key.
15:06:29 03:06:13 Signiture keys match.
15:06:29 03:06:13 UID 20
15:06:29 03:06:13 test
15:06:29 03:06:13 <?xml version='1.0' standalone='yes'?><entry reader_id='20'><author>test</author></entry>
15:06:29 03:06:13 End GetLastAuthor.

