
15:06:28 02:08:00 Starting GetEntryList.
15:06:28 02:08:00 POST Request has been made.
15:06:28 02:08:00 Pulling private key.
15:06:28 02:08:00 Signiture keys match.
15:06:28 02:08:00 UID 19
15:06:28 02:08:00 6 records returned.
15:06:28 02:08:00 End GetEntryList.


15:06:28 02:12:01 Starting GetEntryList.
15:06:28 02:12:01 POST Request has been made.
15:06:28 02:12:01 Pulling private key.
15:06:28 02:12:01 Signiture keys match.
15:06:28 02:12:01 UID 20
15:06:28 02:12:01 5 records returned.
15:06:28 02:12:01 End GetEntryList.


15:06:28 02:13:07 Starting GetEntryList.
15:06:28 02:13:07 POST Request has been made.
15:06:28 02:13:07 Pulling private key.
15:06:28 02:13:07 Signiture keys match.
15:06:28 02:13:07 UID 20
15:06:28 02:13:07 5 records returned.
15:06:28 02:13:07 End GetEntryList.


15:06:28 02:13:35 Starting GetEntryList.
15:06:28 02:13:35 POST Request has been made.
15:06:28 02:13:35 Pulling private key.
15:06:28 02:13:35 Signiture keys match.
15:06:28 02:13:35 UID 20
15:06:28 02:13:35 5 records returned.
15:06:28 02:13:35 End GetEntryList.


15:06:28 02:16:23 Starting GetEntryList.
15:06:28 02:16:23 POST Request has been made.
15:06:28 02:16:23 Pulling private key.
15:06:28 02:16:23 Signiture keys match.
15:06:28 02:16:23 UID 19
15:06:28 02:16:23 6 records returned.
15:06:28 02:16:23 End GetEntryList.


15:06:28 02:17:47 Starting GetEntryList.
15:06:28 02:17:47 POST Request has been made.
15:06:28 02:17:47 Pulling private key.
15:06:28 02:17:47 Signiture keys match.
15:06:28 02:17:47 UID 19
15:06:28 02:17:47 6 records returned.
15:06:28 02:17:47 End GetEntryList.


15:06:28 02:18:31 Starting GetEntryList.
15:06:28 02:18:31 POST Request has been made.
15:06:28 02:18:31 Pulling private key.
15:06:28 02:18:31 Signiture keys match.
15:06:28 02:18:31 UID 19
15:06:28 02:18:31 6 records returned.
15:06:28 02:18:31 End GetEntryList.


15:06:28 04:57:11 Starting GetEntryList.
15:06:28 04:57:11 POST Request has been made.
15:06:28 04:57:11 Pulling private key.
15:06:28 04:57:11 Signiture keys match.
15:06:28 04:57:11 UID 19
15:06:28 04:57:11 6 records returned.
15:06:28 04:57:11 End GetEntryList.


15:06:28 05:17:36 Starting GetEntryList.
15:06:28 05:17:36 POST Request has been made.
15:06:28 05:17:36 Pulling private key.
15:06:28 05:17:36 Signiture keys match.
15:06:28 05:17:36 UID 19
15:06:28 05:17:36 6 records returned.
15:06:28 05:17:36 End GetEntryList.


15:06:28 08:02:41 Starting GetEntryList.
15:06:28 08:02:41 POST Request has been made.
15:06:28 08:02:41 Pulling private key.
15:06:28 08:02:41 Signiture keys match.
15:06:28 08:02:41 UID 22
15:06:28 08:02:41 1 records returned.
15:06:28 08:02:41 End GetEntryList.


15:06:29 02:27:49 Starting GetEntryList.
15:06:29 02:27:49 POST Request has been made.
15:06:29 02:27:49 Pulling private key.
15:06:29 02:27:49 Signiture keys match.
15:06:29 02:27:49 UID 22
15:06:29 02:27:49 1 records returned.
15:06:29 02:27:49 End GetEntryList.


15:06:29 02:58:37 Starting GetEntryList.
15:06:29 02:58:37 POST Request has been made.
15:06:29 02:58:37 Pulling private key.
15:06:29 02:58:37 Signiture keys match.
15:06:29 02:58:37 UID 22
15:06:29 02:58:37 1 records returned.
15:06:29 02:58:37 End GetEntryList.


15:06:29 02:58:50 Starting GetEntryList.
15:06:29 02:58:50 POST Request has been made.
15:06:29 02:58:50 Pulling private key.
15:06:29 02:58:50 Signiture keys match.
15:06:29 02:58:50 UID 22
15:06:29 02:58:50 1 records returned.
15:06:29 02:58:50 End GetEntryList.


15:06:29 02:59:22 Starting GetEntryList.
15:06:29 02:59:22 POST Request has been made.
15:06:29 02:59:22 Pulling private key.
15:06:29 02:59:22 Signiture keys match.
15:06:29 02:59:22 UID 22
15:06:29 02:59:22 1 records returned.
15:06:29 02:59:22 End GetEntryList.


15:06:29 02:59:48 Starting GetEntryList.
15:06:29 02:59:48 POST Request has been made.
15:06:29 02:59:48 Pulling private key.
15:06:29 02:59:48 Signiture keys match.
15:06:29 02:59:48 UID 22
15:06:29 02:59:48 1 records returned.
15:06:29 02:59:48 End GetEntryList.


15:06:29 03:01:45 Starting GetEntryList.
15:06:29 03:01:45 POST Request has been made.
15:06:29 03:01:45 Pulling private key.
15:06:29 03:01:45 Signiture keys match.
15:06:29 03:01:45 UID 22
15:06:29 03:01:45 1 records returned.
15:06:29 03:01:45 End GetEntryList.


15:06:29 03:03:07 Starting GetEntryList.
15:06:29 03:03:07 POST Request has been made.
15:06:29 03:03:07 Pulling private key.
15:06:29 03:03:07 Signiture keys match.
15:06:29 03:03:07 UID 1
15:06:29 03:03:07 253 records returned.
15:06:29 03:03:07 End GetEntryList.


15:06:29 03:05:40 Starting GetEntryList.
15:06:29 03:05:40 POST Request has been made.
15:06:29 03:05:40 Pulling private key.
15:06:29 03:05:40 Signiture keys match.
15:06:29 03:05:40 UID 20
15:06:29 03:05:40 5 records returned.
15:06:29 03:05:40 End GetEntryList.


15:06:29 03:06:11 Starting GetEntryList.
15:06:29 03:06:11 POST Request has been made.
15:06:29 03:06:12 Pulling private key.
15:06:29 03:06:12 Signiture keys match.
15:06:29 03:06:12 UID 20
15:06:29 03:06:12 5 records returned.
15:06:29 03:06:12 End GetEntryList.

